<?xml version="1.0" encoding="UTF-8"?>
<!-- Generated by org.testng.reporters.JUnitReportReporter -->
<testsuite hostname="Predator" failures="0" tests="3" name="testPackage.LoginRegressionTest" time="8.526" errors="0" timestamp="2025-09-24T19:16:05 EDT" skipped="0">
  <testcase classname="testPackage.LoginRegressionTest" name="invalidLogin" time="3.073"/>
  <testcase classname="testPackage.LoginRegressionTest" name="invalidLogin" time="2.534"/>
  <testcase classname="testPackage.LoginRegressionTest" name="validLogin" time="2.919"/>
</testsuite> <!-- testPackage.LoginRegressionTest -->
