<?xml version="1.0" encoding="UTF-8"?>
<!-- Generated by org.testng.reporters.JUnitReportReporter -->
<testsuite hostname="Predator" failures="0" tests="3" name="testPackage.LoginRegressionTest" time="9.568" errors="0" timestamp="2025-10-02T14:39:11 EDT" skipped="0">
  <testcase classname="testPackage.LoginRegressionTest" name="invalidLogin" time="4.353"/>
  <testcase classname="testPackage.LoginRegressionTest" name="invalidLogin" time="2.498"/>
  <testcase classname="testPackage.LoginRegressionTest" name="validLogin" time="2.717"/>
</testsuite> <!-- testPackage.LoginRegressionTest -->
